IpotekaKalkulyatoruAMF/app/build/outputs/mapping/release/seeds.txt
az.amf.ipotekakalkulyatoru.MainActivity
az.amf.ipotekakalkulyatoru.MainActivity: MainActivity()
az.amf.ipotekakalkulyatoru.R$dimen: int activity_horizontal_margin
az.amf.ipotekakalkulyatoru.R$dimen: int activity_vertical_margin
az.amf.ipotekakalkulyatoru.R$drawable: int amf_logo
az.amf.ipotekakalkulyatoru.R$drawable: int btn_guzewtli_back
az.amf.ipotekakalkulyatoru.R$drawable: int btn_toggled1
az.amf.ipotekakalkulyatoru.R$drawable: int btn_toggled2
az.amf.ipotekakalkulyatoru.R$drawable: int btn_umumi_back
az.amf.ipotekakalkulyatoru.R$drawable: int ic_amf
az.amf.ipotekakalkulyatoru.R$drawable: int ic_info
az.amf.ipotekakalkulyatoru.R$drawable: int ic_launcher
az.amf.ipotekakalkulyatoru.R$drawable: int ic_lunch
az.amf.ipotekakalkulyatoru.R$drawable: int ic_splash
az.amf.ipotekakalkulyatoru.R$drawable: int ic_warning
az.amf.ipotekakalkulyatoru.R$drawable: int infocon
az.amf.ipotekakalkulyatoru.R$drawable: int login_text_edit_selector
az.amf.ipotekakalkulyatoru.R$drawable: int m_action_bar_back
az.amf.ipotekakalkulyatoru.R$drawable: int m_button_back
az.amf.ipotekakalkulyatoru.R$drawable: int m_button_pressed
az.amf.ipotekakalkulyatoru.R$drawable: int m_button_selector
az.amf.ipotekakalkulyatoru.R$drawable: int splash2
az.amf.ipotekakalkulyatoru.R$drawable: int text_edit
az.amf.ipotekakalkulyatoru.R$drawable: int text_edit_empty
az.amf.ipotekakalkulyatoru.R$drawable: int text_edit_hovered
az.amf.ipotekakalkulyatoru.R$drawable: int texture
az.amf.ipotekakalkulyatoru.R$id: int action_settings
az.amf.ipotekakalkulyatoru.R$id: int btn_calc
az.amf.ipotekakalkulyatoru.R$id: int btn_common_ipo
az.amf.ipotekakalkulyatoru.R$id: int btn_geri
az.amf.ipotekakalkulyatoru.R$id: int btn_prefer_ipo
az.amf.ipotekakalkulyatoru.R$id: int button1
az.amf.ipotekakalkulyatoru.R$id: int editText_aile
az.amf.ipotekakalkulyatoru.R$id: int editText_diger
az.amf.ipotekakalkulyatoru.R$id: int editText_faiz
az.amf.ipotekakalkulyatoru.R$id: int editText_gelir
az.amf.ipotekakalkulyatoru.R$id: int editText_ilkin
az.amf.ipotekakalkulyatoru.R$id: int imageButton_aile_info
az.amf.ipotekakalkulyatoru.R$id: int imageButton_diger_info
az.amf.ipotekakalkulyatoru.R$id: int imageButton_faiz_info
az.amf.ipotekakalkulyatoru.R$id: int imageButton_gelir_info
az.amf.ipotekakalkulyatoru.R$id: int imageButton_ilkin_info
az.amf.ipotekakalkulyatoru.R$id: int imageButton_muddet_info
az.amf.ipotekakalkulyatoru.R$id: int iv_lancher
az.amf.ipotekakalkulyatoru.R$id: int lay_action_bar
az.amf.ipotekakalkulyatoru.R$id: int lay_botom
az.amf.ipotekakalkulyatoru.R$id: int lay_center
az.amf.ipotekakalkulyatoru.R$id: int lay_netice
az.amf.ipotekakalkulyatoru.R$id: int lay_row_1
az.amf.ipotekakalkulyatoru.R$id: int lay_row_2
az.amf.ipotekakalkulyatoru.R$id: int lay_row_3
az.amf.ipotekakalkulyatoru.R$id: int lay_top
az.amf.ipotekakalkulyatoru.R$id: int scrollView
az.amf.ipotekakalkulyatoru.R$id: int spinner_muddet
az.amf.ipotekakalkulyatoru.R$id: int textView1_dige
az.amf.ipotekakalkulyatoru.R$layout: int activity_main
az.amf.ipotekakalkulyatoru.R$layout: int activity_splash
az.amf.ipotekakalkulyatoru.R$layout: int list_item_view
az.amf.ipotekakalkulyatoru.R$layout: int test
az.amf.ipotekakalkulyatoru.R$menu: int main
az.amf.ipotekakalkulyatoru.R$menu: int main_activity_tabs
az.amf.ipotekakalkulyatoru.R$menu: int splash
az.amf.ipotekakalkulyatoru.R$string: int action_settings
az.amf.ipotekakalkulyatoru.R$string: int app_name
az.amf.ipotekakalkulyatoru.R$string: int hello_world
az.amf.ipotekakalkulyatoru.R$string: int title_activity_splash
az.amf.ipotekakalkulyatoru.R$style: int AppBaseTheme
az.amf.ipotekakalkulyatoru.R$style: int AppTheme
az.amf.ipotekakalkulyatoru.R$style: int myBackgroundStyle
az.amf.ipotekakalkulyatoru.SplashActivity
az.amf.ipotekakalkulyatoru.SplashActivity: SplashActivity()
...
android.support.v4.app.BackStackState
android.support.v4.app.BackStackState: android.os.Parcelable$Creator CREATOR
android.support.v4.app.Fragment$SavedState
android.support.v4.app.Fragment$SavedState: android.os.Parcelable$Creator CREATOR
android.support.v4.app.FragmentManagerState
android.support.v4.app.FragmentManagerState: android.os.Parcelable$Creator CREATOR
android.support.v4.app.FragmentState
android.support.v4.app.FragmentState: android.os.Parcelable$Creator CREATOR
android.support.v4.app.FragmentTabHost: void setOnTabChangedListener(android.widget.TabHost$OnTabChangeListener)
android.support.v4.app.FragmentTabHost$SavedState
android.support.v4.app.FragmentTabHost$SavedState: android.os.Parcelable$Creator CREATOR
android.support.v4.content.ModernAsyncTask$Status: android.support.v4.content.ModernAsyncTask$Status[] values()
android.support.v4.content.ModernAsyncTask$Status: android.support.v4.content.ModernAsyncTask$Status valueOf(java.lang.String)
android.support.v4.view.PagerTabStrip: void setTabIndicatorColor(int)
android.support.v4.view.PagerTabStrip: void setTabIndicatorColorResource(int)
android.support.v4.view.PagerTabStrip: int getTabIndicatorColor()
android.support.v4.view.PagerTabStrip: void setTextSpacing(int)
android.support.v4.view.PagerTabStrip: void setBackgroundDrawable(android.graphics.drawable.Drawable)
android.support.v4.view.PagerTabStrip: void setBackgroundColor(int)
android.support.v4.view.PagerTabStrip: void setBackgroundResource(int)
android.support.v4.view.PagerTabStrip: void setDrawFullUnderline(boolean)
android.support.v4.view.PagerTabStrip: boolean getDrawFullUnderline()
android.support.v4.view.PagerTabStrip: int getMinHeight()
android.support.v4.view.PagerTitleStrip: void setSingleLineAllCaps(android.widget.TextView)
android.support.v4.view.PagerTitleStrip: void setTextSpacing(int)
android.support.v4.view.PagerTitleStrip: int getTextSpacing()
android.support.v4.view.PagerTitleStrip: void setNonPrimaryAlpha(float)
android.support.v4.view.PagerTitleStrip: void setTextColor(int)
android.support.v4.view.PagerTitleStrip: void setGravity(int)
android.support.v4.view.PagerTitleStrip: int getMinHeight()
android.support.v4.view.ViewPager: void setScrollState(int)
android.support.v4.view.ViewPager: void setAdapter(android.support.v4.view.PagerAdapter)
android.support.v4.view.ViewPager: android.support.v4.view.PagerAdapter getAdapter()
android.support.v4.view.ViewPager: void setOnAdapterChangeListener(android.support.v4.view.ViewPager$OnAdapterChangeListener)
android.support.v4.view.ViewPager: int getClientWidth()
android.support.v4.view.ViewPager: void setCurrentItem(int)
android.support.v4.view.ViewPager: int getCurrentItem()
android.support.v4.view.ViewPager: void setOnPageChangeListener(android.support.v4.view.ViewPager$OnPageChangeListener)
android.support.v4.view.ViewPager: void setChildrenDrawingOrderEnabledCompat(boolean)
android.support.v4.view.ViewPager: int getOffscreenPageLimit()
android.support.v4.view.ViewPager: void setOffscreenPageLimit(int)
android.support.v4.view.ViewPager: void setPageMargin(int)
android.support.v4.view.ViewPager: int getPageMargin()
android.support.v4.view.ViewPager: void setPageMarginDrawable(android.graphics.drawable.Drawable)
android.support.v4.view.ViewPager: void setPageMarginDrawable(int)
android.support.v4.view.ViewPager: void setScrollingCacheEnabled(boolean)
android.support.v4.view.ViewPager$SavedState
android.support.v4.view.ViewPager$SavedState: android.os.Parcelable$Creator CREATOR
android.support.v4.widget.DrawerLayout: void setScrimColor(int)
android.support.v4.widget.DrawerLayout: void setDrawerListener(android.support.v4.widget.DrawerLayout$DrawerListener)
android.support.v4.widget.DrawerLayout: void setDrawerLockMode(int)
android.support.v4.widget.DrawerLayout$SavedState
android.support.v4.widget.DrawerLayout$SavedState: android.os.Parcelable$Creator CREATOR