IpotekaKalkulyatoruAMF/app/build/outputs/mapping/release/mapping.txt
az.amf.ipotekakalkulyatoru.MainActivity -> az.amf.ipotekakalkulyatoru.MainActivity:
    java.lang.String m_qiymet -> a
    java.lang.String m_kredit -> b
    java.lang.String m_ilkin -> c
    java.lang.String m_ayliq -> d
    java.lang.Boolean canCalculate -> e
    int editTextBackId -> f
    int editTextBackId2 -> g
    int calculatorState -> h
    void <init>() -> <init>
    void onCreate(android.os.Bundle) -> onCreate
    boolean onCreateOptionsMenu(android.view.Menu) -> onCreateOptionsMenu
    void calculate(float,float,float,float,float,float) -> a
    void access$000(az.amf.ipotekakalkulyatoru.MainActivity,float,float,float,float,float,float) -> a
az.amf.ipotekakalkulyatoru.MainActivity$1 -> az.amf.ipotekakalkulyatoru.a:
    android.widget.Button val$btn_umumi -> a
    android.widget.Button val$btn_guzewt -> b
    android.widget.Spinner val$sp_muddet -> c
    android.widget.EditText val$et_ilkin -> d
    android.widget.EditText val$et_faiz -> e
    az.amf.ipotekakalkulyatoru.MainActivity this$0 -> f
    void <init>(az.amf.ipotekakalkulyatoru.MainActivity,android.widget.Button,android.widget.Button,android.widget.Spinner,android.widget.EditText,android.widget.EditText) -> <init>
    void onClick(android.view.View) -> onClick
az.amf.ipotekakalkulyatoru.MainActivity$10 -> az.amf.ipotekakalkulyatoru.b:
    az.amf.ipotekakalkulyatoru.MainActivity this$0 -> a
    void <init>(az.amf.ipotekakalkulyatoru.MainActivity) -> <init>
    void onClick(android.view.View) -> onClick
az.amf.ipotekakalkulyatoru.MainActivity$11 -> az.amf.ipotekakalkulyatoru.c:
    az.amf.ipotekakalkulyatoru.MainActivity this$0 -> a
    void <init>(az.amf.ipotekakalkulyatoru.MainActivity) -> <init>
    void onClick(android.view.View) -> onClick
az.amf.ipotekakalkulyatoru.MainActivity$12 -> az.amf.ipotekakalkulyatoru.d:
    az.amf.ipotekakalkulyatoru.MainActivity this$0 -> a
    void <init>(az.amf.ipotekakalkulyatoru.MainActivity) -> <init>
    void onClick(android.view.View) -> onClick
az.amf.ipotekakalkulyatoru.MainActivity$13 -> az.amf.ipotekakalkulyatoru.e:
    az.amf.ipotekakalkulyatoru.MainActivity this$0 -> a
    void <init>(az.amf.ipotekakalkulyatoru.MainActivity) -> <init>
    void onClick(android.view.View) -> onClick
az.amf.ipotekakalkulyatoru.MainActivity$14 -> az.amf.ipotekakalkulyatoru.f:
    az.amf.ipotekakalkulyatoru.MainActivity this$0 -> a
    void <init>(az.amf.ipotekakalkulyatoru.MainActivity) -> <init>
    void onItemSelected(android.widget.AdapterView,android.view.View,int,long) -> onItemSelected
    void onNothingSelected(android.widget.AdapterView) -> onNothingSelected
az.amf.ipotekakalkulyatoru.MainActivity$15 -> az.amf.ipotekakalkulyatoru.g:
    android.widget.EditText val$et_gelir -> a
    android.widget.EditText val$et_ilkin -> b
    android.widget.EditText val$et_faiz -> c
    android.widget.EditText val$et_aile_uzv_say -> d
    android.widget.EditText val$et_diger_ohd -> e
    android.widget.Spinner val$sp_muddet -> f
    android.widget.TextView val$tv_alinan_evin_qiymeti -> g
    android.widget.TextView val$tv_kredit_meblegi -> h
    android.widget.TextView val$tv_ilkino_deniwe_minimal_teleb -> i
    android.widget.TextView val$tv_ayliq_odeniw -> j
    android.widget.RelativeLayout val$baseLayout -> k
    android.widget.RelativeLayout val$baseLayout2 -> l
    az.amf.ipotekakalkulyatoru.MainActivity this$0 -> m
    void <init>(az.amf.ipotekakalkulyatoru.MainActivity,android.widget.EditText,android.widget.EditText,android.widget.EditText,android.widget.EditText,android.widget.EditText,android.widget.Spinner,android.widget.TextView,android.widget.TextView,android.widget.TextView,android.widget.TextView,android.widget.RelativeLayout,android.widget.RelativeLayout) -> <init>
    void onClick(android.view.View) -> onClick
...
android.support.v4.view.VelocityTrackerCompat$VelocityTrackerVersionImpl -> android.support.v4.view.v:
    float getXVelocity(android.view.VelocityTracker,int) -> a
    float getYVelocity(android.view.VelocityTracker,int) -> b
android.support.v4.view.VelocityTrackerCompatHoneycomb -> android.support.v4.view.w:
    float getXVelocity(android.view.VelocityTracker,int) -> a
    float getYVelocity(android.view.VelocityTracker,int) -> b
android.support.v4.view.ViewCompat -> android.support.v4.view.x:
    android.support.v4.view.ViewCompat$ViewCompatImpl IMPL -> a
    boolean canScrollHorizontally(android.view.View,int) -> a
    int getOverScrollMode(android.view.View) -> a
    void postInvalidateOnAnimation(android.view.View) -> b
    void postInvalidateOnAnimation(android.view.View,int,int,int,int) -> a
    void postOnAnimation(android.view.View,java.lang.Runnable) -> a
    void setLayerType(android.view.View,int,android.graphics.Paint) -> a
    int getLayerType(android.view.View) -> c
    void setLayerPaint(android.view.View,android.graphics.Paint) -> a
    int getLayoutDirection(android.view.View) -> d
    boolean isOpaque(android.view.View) -> e
    void <clinit>() -> <clinit>
android.support.v4.view.ViewCompat$BaseViewCompatImpl -> android.support.v4.view.y:
    void <init>() -> <init>
    boolean canScrollHorizontally(android.view.View,int) -> a
    int getOverScrollMode(android.view.View) -> a
    void postInvalidateOnAnimation(android.view.View) -> b
    void postInvalidateOnAnimation(android.view.View,int,int,int,int) -> a
    void postOnAnimation(android.view.View,java.lang.Runnable) -> a
    long getFrameTime() -> a
    void setLayerType(android.view.View,int,android.graphics.Paint) -> a
    int getLayerType(android.view.View) -> c
    void setLayerPaint(android.view.View,android.graphics.Paint) -> a
    int getLayoutDirection(android.view.View) -> d
    boolean isOpaque(android.view.View) -> e
android.support.v4.view.ViewCompat$EclairMr1ViewCompatImpl -> android.support.v4.view.z:
    void <init>() -> <init>
    boolean isOpaque(android.view.View) -> e
android.support.v4.view.ViewCompat$GBViewCompatImpl -> android.support.v4.view.aa:
    void <init>() -> <init>
    int getOverScrollMode(android.view.View) -> a
android.support.v4.view.ViewCompat$HCViewCompatImpl -> android.support.v4.view.ab:
    void <init>() -> <init>
    long getFrameTime() -> a
    void setLayerType(android.view.View,int,android.graphics.Paint) -> a
    int getLayerType(android.view.View) -> c
    void setLayerPaint(android.view.View,android.graphics.Paint) -> a
android.support.v4.view.ViewCompat$ICSViewCompatImpl -> android.support.v4.view.ac:
    void <init>() -> <init>
    boolean canScrollHorizontally(android.view.View,int) -> a
android.support.v4.view.ViewCompat$JBViewCompatImpl -> android.support.v4.view.ad:
    void <init>() -> <init>
    void postInvalidateOnAnimation(android.view.View) -> b
    void postInvalidateOnAnimation(android.view.View,int,int,int,int) -> a
    void postOnAnimation(android.view.View,java.lang.Runnable) -> a
android.support.v4.view.ViewCompat$JbMr1ViewCompatImpl -> android.support.v4.view.ae:
    void <init>() -> <init>
    void setLayerPaint(android.view.View,android.graphics.Paint) -> a
    int getLayoutDirection(android.view.View) -> d
android.support.v4.view.ViewCompat$ViewCompatImpl -> android.support.v4.view.af:
    boolean canScrollHorizontally(android.view.View,int) -> a
    int getOverScrollMode(android.view.View) -> a
    void postInvalidateOnAnimation(android.view.View) -> b
    void postInvalidateOnAnimation(android.view.View,int,int,int,int) -> a
    void postOnAnimation(android.view.View,java.lang.Runnable) -> a
    void setLayerType(android.view.View,int,android.graphics.Paint) -> a
    int getLayerType(android.view.View) -> c
    void setLayerPaint(android.view.View,android.graphics.Paint) -> a
    int getLayoutDirection(android.view.View) -> d
    boolean isOpaque(android.view.View) -> e