IpotekaKalkulyatoruAMF/app/build/outputs/mapping/release/usage.txt
az.amf.ipotekakalkulyatoru.BuildConfig
az.amf.ipotekakalkulyatoru.R
az.amf.ipotekakalkulyatoru.R$attr
az.amf.ipotekakalkulyatoru.R$dimen
az.amf.ipotekakalkulyatoru.R$drawable
az.amf.ipotekakalkulyatoru.R$id
az.amf.ipotekakalkulyatoru.R$layout
az.amf.ipotekakalkulyatoru.R$menu
az.amf.ipotekakalkulyatoru.R$string
az.amf.ipotekakalkulyatoru.R$style
...
android.support.v4.view.ViewConfigurationCompat$FroyoViewConfigurationVersionImpl
android.support.v4.view.ViewConfigurationCompat$ViewConfigurationVersionImpl
android.support.v4.view.ViewConfigurationCompatFroyo
android.support.v4.view.ViewGroupCompat
android.support.v4.view.ViewGroupCompat$ViewGroupCompatHCImpl
android.support.v4.view.ViewGroupCompat$ViewGroupCompatIcsImpl
android.support.v4.view.ViewGroupCompat$ViewGroupCompatImpl
android.support.v4.view.ViewGroupCompat$ViewGroupCompatStubImpl
android.support.v4.view.ViewGroupCompatHC
android.support.v4.view.ViewGroupCompatIcs
android.support.v4.view.ViewPager:
    private static final java.lang.String TAG
    private static final boolean DEBUG
    private static final boolean USE_CACHE
    private static final int DEFAULT_OFFSCREEN_PAGES
    private static final int MAX_SETTLE_DURATION
    private static final int MIN_DISTANCE_FOR_FLING
    private static final int DEFAULT_GUTTER_SIZE
    private static final int MIN_FLING_VELOCITY
    private boolean mIgnoreGutter
    private static final int INVALID_POINTER
    private static final int CLOSE_ENOUGH
    private long mFakeDragBeginTime
    private static final int DRAW_ORDER_DEFAULT
    private static final int DRAW_ORDER_FORWARD
    private static final int DRAW_ORDER_REVERSE
    public static final int SCROLL_STATE_IDLE
    public static final int SCROLL_STATE_DRAGGING
    public static final int SCROLL_STATE_SETTLING
    130:346:public ViewPager(android.content.Context)
    130:351:public ViewPager(android.content.Context,android.util.AttributeSet)
    354:379:void initViewPager()
    608:620:public void setPageTransformer(boolean,android.support.v4.view.ViewPager$PageTransformer)
    654:656:android.support.v4.view.ViewPager$OnPageChangeListener setInternalPageChangeListener(android.support.v4.view.ViewPager$OnPageChangeListener)
    778:779:void smoothScrollTo(int,int)
    2259:2275:public boolean beginFakeDrag()
    2285:2306:public void endFakeDrag()
    2316:2354:public void fakeDragBy(float)
    2366:2366:public boolean isFakeDragging()
android.support.v4.view.ViewPager$3
android.support.v4.view.ViewPager$MyAccessibilityDelegate
android.support.v4.view.ViewPager$SimpleOnPageChangeListener
android.support.v4.view.ViewParentCompat
android.support.v4.view.ViewParentCompat$ViewParentCompatICSImpl
android.support.v4.view.ViewParentCompat$ViewParentCompatImpl
android.support.v4.view.ViewParentCompat$ViewParentCompatStubImpl
android.support.v4.view.ViewParentCompatICS
android.support.v4.view.WindowCompat
android.support.v4.view.accessibility.AccessibilityEventCompat
android.support.v4.view.accessibility.AccessibilityEventCompat$AccessibilityEventIcsImpl
android.support.v4.view.accessibility.AccessibilityEventCompat$AccessibilityEventStubImpl
android.support.v4.view.accessibility.AccessibilityEventCompat$AccessibilityEventVersionImpl
android.support.v4.view.accessibility.AccessibilityEventCompatIcs
android.support.v4.view.accessibility.AccessibilityManagerCompat
android.support.v4.view.accessibility.AccessibilityManagerCompat$AccessibilityManagerIcsImpl
android.support.v4.view.accessibility.AccessibilityManagerCompat$AccessibilityManagerIcsImpl$1
android.support.v4.view.accessibility.AccessibilityManagerCompat$AccessibilityManagerStubImpl
android.support.v4.view.accessibility.AccessibilityManagerCompat$AccessibilityManagerVersionImpl
android.support.v4.view.accessibility.AccessibilityManagerCompat$AccessibilityStateChangeListenerCompat
android.support.v4.view.accessibility.AccessibilityManagerCompatIcs
android.support.v4.view.accessibility.AccessibilityManagerCompatIcs$1
android.support.v4.view.accessibility.AccessibilityManagerCompatIcs$AccessibilityStateChangeListenerBridge
android.support.v4.view.accessibility.AccessibilityNodeInfoCompat
android.support.v4.view.accessibility.AccessibilityNodeInfoCompat$AccessibilityNodeInfoIcsImpl